# JRE version: OpenJDK Runtime Environment Microsoft-14653896 (21.0.12+8) (build 21.0.12+8-LTS)
# Java VM: OpenJDK 64-Bit Server VM Microsoft-14653896 (21.0.12+8-LTS, mixed mode, emulated-client, sharing, tiered, compressed oops, compressed class ptrs, g1 gc, windows-amd64)
GC Precious Log:
 CardTable entry size: 512
 Card Set container configuration: InlinePtr #cards 5 size 8 Array Of Cards #cards 12 size 40 Howl #buckets 4 coarsen threshold 1843 Howl Bitmap #cards 512 size 80 coarsen threshold 460 Card regions per heap region 1 cards per card region 2048
 CPUs: 4 total, 4 available
 Memory: 3781M
 Large Page Support: Disabled
 NUMA Support: Disabled
 Compressed Oops: Enabled (32-bit)
 Heap Region Size: 1M
 Heap Min Capacity: 8M
 Heap Initial Capacity: 60M
 Heap Max Capacity: 946M
 Pre-touch: Disabled
 Parallel Workers: 4
 Concurrent Workers: 1
 Concurrent Refinement Workers: 4
 Periodic GC: Disabled
Heap:
 garbage-first heap   total 61440K, used 15966K [0x00000000c4e00000, 0x0000000100000000)
  region size 1024K, 11 young (11264K), 4 survivors (4096K)
 Metaspace       used 16591K, committed 17024K, reserved 1114112K
  class space    used 2211K, committed 2432K, reserved 1048576K
GC Heap History (6 events):
Event: 2.915 GC heap before
{Heap before GC invocations=0 (full 0):
 garbage-first heap   total 61440K, used 13312K [0x00000000c4e00000, 0x0000000100000000)
  region size 1024K, 13 young (13312K), 0 survivors (0K)
 Metaspace       used 4038K, committed 4160K, reserved 1114112K
  class space    used 477K, committed 512K, reserved 1048576K
}
Event: 2.931 GC heap after
{Heap after GC invocations=1 (full 0):
 garbage-first heap   total 61440K, used 6656K [0x00000000c4e00000, 0x0000000100000000)
  region size 1024K, 2 young (2048K), 2 survivors (2048K)
 Metaspace       used 4038K, committed 4160K, reserved 1114112K
  class space    used 477K, committed 512K, reserved 1048576K
}
Event: 4.591 GC heap before
{Heap before GC invocations=1 (full 0):
 garbage-first heap   total 61440K, used 19968K [0x00000000c4e00000, 0x0000000100000000)
  region size 1024K, 15 young (15360K), 2 survivors (2048K)
 Metaspace       used 8542K, committed 8832K, reserved 1114112K
  class space    used 1070K, committed 1216K, reserved 1048576K
}
Event: 4.600 GC heap after
{Heap after GC invocations=2 (full 0):
 garbage-first heap   total 61440K, used 8333K [0x00000000c4e00000, 0x0000000100000000)
  region size 1024K, 2 young (2048K), 2 survivors (2048K)
 Metaspace       used 8542K, committed 8832K, reserved 1114112K
  class space    used 1070K, committed 1216K, reserved 1048576K
}
Event: 6.684 GC heap before
{Heap before GC invocations=2 (full 0):
 garbage-first heap   total 61440K, used 32909K [0x00000000c4e00000, 0x0000000100000000)
  region size 1024K, 27 young (27648K), 2 survivors (2048K)
 Metaspace       used 14914K, committed 15296K, reserved 1114112K
  class space    used 1997K, committed 2176K, reserved 1048576K
}
Event: 6.692 GC heap after
{Heap after GC invocations=3 (full 0):
 garbage-first heap   total 61440K, used 10846K [0x00000000c4e00000, 0x0000000100000000)
  region size 1024K, 4 young (4096K), 4 survivors (4096K)
 Metaspace       used 14914K, committed 15296K, reserved 1114112K
  class space    used 1997K, committed 2176K, reserved 1048576K
}

